<?xml version="1.0" encoding="UTF-8"?>
<!-- Generated by org.testng.reporters.JUnitXMLReporter -->
<testsuite hostname="DESKTOP-O75K0Q2" ignored="0" name="Test" tests="2" failures="1" timestamp="20 Dec 2018 09:38:54 GMT" time="9.992" errors="0">
  <testcase name="callanother" time="0.005" classname="com.org.learningMaven.basicMaven.callingMethod"/>
  <testcase name="signin" time="0.007" classname="com.org.learningMaven.basicMaven.callingMethod">
    <failure type="java.lang.NullPointerException">
      <![CDATA[java.lang.NullPointerException
at com.org.learningMaven.basicMaven.BrowserInvoke.signin_one(BrowserInvoke.java:23)
at com.org.learningMaven.basicMaven.callingMethod.signin(callingMethod.java:19)
... Removed 25 stack frames]]>
    </failure>
  </testcase> <!-- signin -->
</testsuite> <!-- Test -->
