<?xml version="1.0" encoding="UTF-8"?>
<testng-results skipped="0" failed="0" ignored="0" total="1" passed="1">
  <reporter-output>
  </reporter-output>
  <suite name="Default suite" duration-ms="20172" started-at="2018-12-20T09:39:45Z" finished-at="2018-12-20T09:40:05Z">
    <groups>
    </groups>
    <test name="Default test" duration-ms="20172" started-at="2018-12-20T09:39:45Z" finished-at="2018-12-20T09:40:05Z">
      <class name="com.org.learningMaven.basicMaven.callingMethod">
        <test-method status="PASS" signature="invokeMethod()[pri:0, instance:com.org.learningMaven.basicMaven.callingMethod@4b9e13df]" name="invokeMethod" is-config="true" duration-ms="20154" started-at="2018-12-20T09:39:45Z" finished-at="2018-12-20T09:40:05Z">
          <reporter-output>
          </reporter-output>
        </test-method> <!-- invokeMethod -->
        <test-method status="PASS" signature="callanother()[pri:0, instance:com.org.learningMaven.basicMaven.callingMethod@4b9e13df]" name="callanother" duration-ms="5" started-at="2018-12-20T09:40:05Z" finished-at="2018-12-20T09:40:05Z">
          <reporter-output>
          </reporter-output>
        </test-method> <!-- callanother -->
      </class> <!-- com.org.learningMaven.basicMaven.callingMethod -->
    </test> <!-- Default test -->
  </suite> <!-- Default suite -->
</testng-results>
